<?xml version="1.0" encoding="UTF-8"?>
<!-- Generated by org.testng.reporters.JUnitReportReporter -->
<testsuite hostname="DESKTOP-7LGR5T5" name="com.qa.testpages.ShareReportTest" tests="5" failures="0" timestamp="7 Sep 2019 17:35:56 GMT" time="168.222" errors="0">
  <testcase name="ConsultingPractionerClinicShareReportTest" time="48.196" classname="com.qa.testpages.ShareReportTest"/>
  <testcase name="ConsultingPractionerClinicShareReportTest" time="45.042" classname="com.qa.testpages.ShareReportTest"/>
  <testcase name="ConsultingPractionerClinicShareReportTest" time="21.493" classname="com.qa.testpages.ShareReportTest"/>
  <testcase name="ConsultingPractionerClinicShareReportTest" time="36.098" classname="com.qa.testpages.ShareReportTest"/>
  <testcase name="verifyShareReportTitleTest" time="17.393" classname="com.qa.testpages.ShareReportTest"/>
</testsuite> <!-- com.qa.testpages.ShareReportTest -->
