<?xml version="1.0" encoding="UTF-8"?>
<!-- Generated by org.testng.reporters.JUnitReportReporter -->
<testsuite hostname="DESKTOP-7LGR5T5" name="com.qa.testpages.LoginPageTest" tests="2" failures="0" timestamp="6 Sep 2019 17:02:03 GMT" time="41.821" errors="0">
  <testcase name="LoginTest" time="15.929" classname="com.qa.testpages.LoginPageTest"/>
  <testcase name="verifyLoginPageTitleTest" time="25.892" classname="com.qa.testpages.LoginPageTest"/>
</testsuite> <!-- com.qa.testpages.LoginPageTest -->
