<?xml version="1.0" encoding="UTF-8"?>
<!-- Generated by org.testng.reporters.JUnitXMLReporter -->
<testsuite hostname="DESKTOP-7LGR5T5" name="Suburban Dignostic Test Cases" tests="5" failures="0" timestamp="7 Sep 2019 17:35:55 GMT" time="171.049" errors="0">
  <testcase name="verifyShareReportTitleTest" time="0.051" classname="com.qa.testpages.ShareReportTest"/>
  <testcase name="ConsultingPractionerClinicShareReportTest" time="6.202" classname="com.qa.testpages.ShareReportTest"/>
  <testcase name="ConsultingPractionerClinicShareReportTest" time="5.809" classname="com.qa.testpages.ShareReportTest"/>
  <testcase name="ConsultingPractionerClinicShareReportTest" time="4.598" classname="com.qa.testpages.ShareReportTest"/>
  <testcase name="ConsultingPractionerClinicShareReportTest" time="6.176" classname="com.qa.testpages.ShareReportTest"/>
</testsuite> <!-- Suburban Dignostic Test Cases -->
