<?xml version="1.0" encoding="UTF-8"?>
<!-- Generated by org.testng.reporters.JUnitXMLReporter -->
<testsuite hostname="DESKTOP-7LGR5T5" name="Free CRM App Test Cases" tests="2" failures="0" timestamp="7 Sep 2019 15:54:29 GMT" time="61.582" errors="0">
  <testcase name="verifyShareReportTitleTest" time="0.078" classname="com.qa.testpages.ShareReportTest"/>
  <testcase name="ConsultingPractionerClinicShareReport" time="5.035" classname="com.qa.testpages.ShareReportTest"/>
</testsuite> <!-- Free CRM App Test Cases -->
