<?xml version="1.0" encoding="UTF-8"?>
<!-- Generated by org.testng.reporters.JUnitXMLReporter -->
<testsuite hostname="DESKTOP-7LGR5T5" name="Default test" tests="2" failures="0" timestamp="7 Sep 2019 15:41:44 GMT" time="47.786" errors="0">
  <testcase name="verifyShareReportTitleTest" time="0.072" classname="com.qa.testpages.ShareReportTest"/>
  <testcase name="ConsultingPractionerClinicShareReport" time="5.658" classname="com.qa.testpages.ShareReportTest"/>
</testsuite> <!-- Default test -->
